[ 2018-09-17T13:49:26+08:00 ] ::1 /weidu4/index.php/member/index/id/3
INFO: [ app_init ] --START--
INFO: Run Behavior\BuildLiteBehavior [ RunTime:0.000000s ]
INFO: [ app_init ] --END-- [ RunTime:0.001000s ]
INFO: [ app_begin ] --START--
INFO: Run Behavior\ReadHtmlCacheBehavior [ RunTime:0.001001s ]
INFO: [ app_begin ] --END-- [ RunTime:0.001001s ]
ERR: SQLSTATE[HY000] [1045] Access denied for user 'root'@'localhost' (using password: YES)

[ 2018-09-17T13:50:17+08:00 ] ::1 /weidu4/index.php/member/index/id/3
INFO: [ app_init ] --START--
INFO: Run Behavior\BuildLiteBehavior [ RunTime:0.000000s ]
INFO: [ app_init ] --END-- [ RunTime:0.001000s ]
INFO: [ app_begin ] --START--
INFO: Run Behavior\ReadHtmlCacheBehavior [ RunTime:0.001000s ]
INFO: [ app_begin ] --END-- [ RunTime:0.001000s ]
SQL: SHOW COLUMNS FROM `member` [ RunTime:0.0040s ]
SQL: SELECT * FROM `member` WHERE ( member_id = '3' ) LIMIT 1   [ RunTime:0.0020s ]
SQL: SHOW COLUMNS FROM `buy` [ RunTime:0.0020s ]
SQL: SHOW COLUMNS FROM `buy` [ RunTime:0.0010s ]
SQL: SELECT * FROM `buy` WHERE ( is_pay = 1 )  [ RunTime:0.0010s ]
SQL: SHOW COLUMNS FROM `member` [ RunTime:0.0010s ]
SQL: SELECT * FROM `member` WHERE ( member_id = 36 ) LIMIT 1   [ RunTime:0.0010s ]
SQL: SHOW COLUMNS FROM `member` [ RunTime:0.0010s ]
SQL: SELECT * FROM `member` WHERE ( member_id = 37 ) LIMIT 1   [ RunTime:0.0010s ]
SQL: SHOW COLUMNS FROM `member` [ RunTime:0.0020s ]
SQL: SELECT * FROM `member` WHERE ( member_id = 41 ) LIMIT 1   [ RunTime:0.0010s ]
SQL: SHOW COLUMNS FROM `member` [ RunTime:0.0010s ]
SQL: SELECT * FROM `member` WHERE ( member_id = 42 ) LIMIT 1   [ RunTime:0.0000s ]
SQL: SHOW COLUMNS FROM `member` [ RunTime:0.0010s ]
SQL: SELECT * FROM `member` WHERE ( member_id = 28 ) LIMIT 1   [ RunTime:0.0010s ]
SQL: SHOW COLUMNS FROM `member` [ RunTime:0.0010s ]
SQL: SELECT * FROM `member` WHERE ( member_id = 36 ) LIMIT 1   [ RunTime:0.0000s ]
SQL: SHOW COLUMNS FROM `member` [ RunTime:0.0010s ]
SQL: SELECT * FROM `member` WHERE ( member_id = 37 ) LIMIT 1   [ RunTime:0.0000s ]
SQL: SHOW COLUMNS FROM `member` [ RunTime:0.0010s ]
SQL: SELECT * FROM `member` WHERE ( member_id = 41 ) LIMIT 1   [ RunTime:0.0010s ]
SQL: SHOW COLUMNS FROM `member` [ RunTime:0.0010s ]
SQL: SELECT * FROM `member` WHERE ( member_id = 42 ) LIMIT 1   [ RunTime:0.0010s ]
SQL: SHOW COLUMNS FROM `member` [ RunTime:0.0010s ]
SQL: SELECT * FROM `member` WHERE ( member_id = 32 ) LIMIT 1   [ RunTime:0.0000s ]
SQL: SHOW COLUMNS FROM `buy` [ RunTime:0.0010s ]
SQL: SELECT * FROM `buy` WHERE ( member_id = '3' )  [ RunTime:0.0010s ]
SQL: SHOW COLUMNS FROM `company` [ RunTime:0.0020s ]
SQL: SELECT * FROM `company` LIMIT 1   [ RunTime:0.0020s ]
INFO: [ view_parse ] --START--
INFO: [ template_filter ] --START--
INFO: Run Behavior\ContentReplaceBehavior [ RunTime:0.000000s ]
INFO: [ template_filter ] --END-- [ RunTime:0.000000s ]
INFO: Run Behavior\ParseTemplateBehavior [ RunTime:0.067003s ]
INFO: [ view_parse ] --END-- [ RunTime:0.068003s ]
INFO: [ view_filter ] --START--
INFO: Run Behavior\WriteHtmlCacheBehavior [ RunTime:0.009001s ]
INFO: [ view_filter ] --END-- [ RunTime:0.009001s ]
INFO: [ app_end ] --START--
INFO: Run Behavior\ShowPageTraceBehavior [ RunTime:0.009001s ]
INFO: [ app_end ] --END-- [ RunTime:0.020001s ]

[ 2018-09-17T13:50:20+08:00 ] ::1 /weidu4/Public/home/img/share.png
INFO: [ app_init ] --START--
INFO: Run Behavior\BuildLiteBehavior [ RunTime:0.000000s ]
INFO: [ app_init ] --END-- [ RunTime:0.001000s ]

[ 2018-09-17T13:50:26+08:00 ] ::1 /weidu4/index.php/member/index/id/3
INFO: [ app_init ] --START--
INFO: Run Behavior\BuildLiteBehavior [ RunTime:0.000000s ]
INFO: [ app_init ] --END-- [ RunTime:0.000000s ]
INFO: [ app_begin ] --START--
INFO: Run Behavior\ReadHtmlCacheBehavior [ RunTime:0.001000s ]
INFO: [ app_begin ] --END-- [ RunTime:0.001000s ]
SQL: SHOW COLUMNS FROM `member` [ RunTime:0.0020s ]
SQL: SELECT * FROM `member` WHERE ( member_id = '3' ) LIMIT 1   [ RunTime:0.0010s ]
SQL: SHOW COLUMNS FROM `buy` [ RunTime:0.0020s ]
SQL: SHOW COLUMNS FROM `buy` [ RunTime:0.0010s ]
SQL: SELECT * FROM `buy` WHERE ( is_pay = 1 )  [ RunTime:0.0000s ]
SQL: SHOW COLUMNS FROM `member` [ RunTime:0.0010s ]
SQL: SELECT * FROM `member` WHERE ( member_id = 36 ) LIMIT 1   [ RunTime:0.0010s ]
SQL: SHOW COLUMNS FROM `member` [ RunTime:0.0020s ]
SQL: SELECT * FROM `member` WHERE ( member_id = 37 ) LIMIT 1   [ RunTime:0.0010s ]
SQL: SHOW COLUMNS FROM `member` [ RunTime:0.0010s ]
SQL: SELECT * FROM `member` WHERE ( member_id = 41 ) LIMIT 1   [ RunTime:0.0010s ]
SQL: SHOW COLUMNS FROM `member` [ RunTime:0.0010s ]
SQL: SELECT * FROM `member` WHERE ( member_id = 42 ) LIMIT 1   [ RunTime:0.0010s ]
SQL: SHOW COLUMNS FROM `member` [ RunTime:0.0010s ]
SQL: SELECT * FROM `member` WHERE ( member_id = 28 ) LIMIT 1   [ RunTime:0.0010s ]
SQL: SHOW COLUMNS FROM `member` [ RunTime:0.0010s ]
SQL: SELECT * FROM `member` WHERE ( member_id = 36 ) LIMIT 1   [ RunTime:0.0000s ]
SQL: SHOW COLUMNS FROM `member` [ RunTime:0.0010s ]
SQL: SELECT * FROM `member` WHERE ( member_id = 37 ) LIMIT 1   [ RunTime:0.0000s ]
SQL: SHOW COLUMNS FROM `member` [ RunTime:0.0020s ]
SQL: SELECT * FROM `member` WHERE ( member_id = 41 ) LIMIT 1   [ RunTime:0.0000s ]
SQL: SHOW COLUMNS FROM `member` [ RunTime:0.0010s ]
SQL: SELECT * FROM `member` WHERE ( member_id = 42 ) LIMIT 1   [ RunTime:0.0000s ]
SQL: SHOW COLUMNS FROM `member` [ RunTime:0.0010s ]
SQL: SELECT * FROM `member` WHERE ( member_id = 32 ) LIMIT 1   [ RunTime:0.0010s ]
SQL: SHOW COLUMNS FROM `buy` [ RunTime:0.0010s ]
SQL: SELECT * FROM `buy` WHERE ( member_id = '3' )  [ RunTime:0.0010s ]
SQL: SHOW COLUMNS FROM `company` [ RunTime:0.0020s ]
SQL: SELECT * FROM `company` LIMIT 1   [ RunTime:0.0010s ]
INFO: [ view_parse ] --START--
INFO: [ template_filter ] --START--
INFO: Run Behavior\ContentReplaceBehavior [ RunTime:0.000000s ]
INFO: [ template_filter ] --END-- [ RunTime:0.000000s ]
INFO: Run Behavior\ParseTemplateBehavior [ RunTime:0.015001s ]
INFO: [ view_parse ] --END-- [ RunTime:0.015001s ]
INFO: [ view_filter ] --START--
INFO: Run Behavior\WriteHtmlCacheBehavior [ RunTime:0.001000s ]
INFO: [ view_filter ] --END-- [ RunTime:0.001000s ]
INFO: [ app_end ] --START--
INFO: Run Behavior\ShowPageTraceBehavior [ RunTime:0.002000s ]
INFO: [ app_end ] --END-- [ RunTime:0.003000s ]

[ 2018-09-17T13:50:27+08:00 ] ::1 /weidu4/Public/home/img/share.png
INFO: [ app_init ] --START--
INFO: Run Behavior\BuildLiteBehavior [ RunTime:0.000000s ]
INFO: [ app_init ] --END-- [ RunTime:0.001000s ]

