[ 2018-09-14T14:11:05+08:00 ] 113.206.56.243 /weidu3/index.php
INFO: [ app_init ] --START--
INFO: Run Behavior\BuildLiteBehavior [ RunTime:0.000012s ]
INFO: [ app_init ] --END-- [ RunTime:0.000292s ]
INFO: [ app_begin ] --START--
INFO: Run Behavior\ReadHtmlCacheBehavior [ RunTime:0.000400s ]
INFO: [ app_begin ] --END-- [ RunTime:0.000438s ]

[ 2018-09-14T14:11:05+08:00 ] 113.206.56.243 /weidu3/index.php/Goods/index.html
INFO: [ app_init ] --START--
INFO: Run Behavior\BuildLiteBehavior [ RunTime:0.000010s ]
INFO: [ app_init ] --END-- [ RunTime:0.000291s ]
INFO: [ app_begin ] --START--
INFO: Run Behavior\ReadHtmlCacheBehavior [ RunTime:0.000410s ]
INFO: [ app_begin ] --END-- [ RunTime:0.000448s ]
SQL: SHOW COLUMNS FROM `goods` [ RunTime:0.0104s ]
SQL: SELECT * FROM `goods` LIMIT 1   [ RunTime:0.0002s ]
SQL: SHOW COLUMNS FROM `images` [ RunTime:0.0011s ]
SQL: SELECT * FROM `images`  [ RunTime:0.0002s ]
SQL: SHOW COLUMNS FROM `company` [ RunTime:0.0062s ]
SQL: SELECT * FROM `company` LIMIT 1   [ RunTime:0.0001s ]
INFO: [ view_parse ] --START--
NOTIC: [2] file_get_contents(./Application/Home/View/Common/footer.html): failed to open stream: No such file or directory /www/web/cs/public_html/weidu3/ThinkPHP/Library/Think/Template.class.php 第 696 行.
INFO: [ template_filter ] --START--
INFO: Run Behavior\ContentReplaceBehavior [ RunTime:0.000083s ]
INFO: [ template_filter ] --END-- [ RunTime:0.000119s ]
NOTIC: [8] Undefined variable: parent_id /www/web/cs/public_html/weidu3/Application/Runtime/Cache/Home/63839bc489ada1b251c78e0251f28b7d.php 第 161 行.
INFO: Run Behavior\ParseTemplateBehavior [ RunTime:0.011256s ]
INFO: [ view_parse ] --END-- [ RunTime:0.011289s ]
INFO: [ view_filter ] --START--
INFO: Run Behavior\WriteHtmlCacheBehavior [ RunTime:0.000195s ]
INFO: [ view_filter ] --END-- [ RunTime:0.000224s ]
INFO: [ app_end ] --START--
INFO: Run Behavior\ShowPageTraceBehavior [ RunTime:0.000423s ]
INFO: [ app_end ] --END-- [ RunTime:0.000462s ]

[ 2018-09-14T14:11:08+08:00 ] 113.206.56.243 /weidu3/Public/home/images/bg.jpg
INFO: [ app_init ] --START--
INFO: Run Behavior\BuildLiteBehavior [ RunTime:0.000011s ]
INFO: [ app_init ] --END-- [ RunTime:0.000301s ]

[ 2018-09-14T14:15:51+08:00 ] 113.206.56.243 /weidu3/index.php/Goods/index.html
INFO: [ app_init ] --START--
INFO: Run Behavior\BuildLiteBehavior [ RunTime:0.000011s ]
INFO: [ app_init ] --END-- [ RunTime:0.000279s ]
INFO: [ app_begin ] --START--
INFO: Run Behavior\ReadHtmlCacheBehavior [ RunTime:0.000402s ]
INFO: [ app_begin ] --END-- [ RunTime:0.000459s ]
SQL: SHOW COLUMNS FROM `goods` [ RunTime:0.0004s ]
SQL: SELECT * FROM `goods` LIMIT 1   [ RunTime:0.0001s ]
SQL: SHOW COLUMNS FROM `images` [ RunTime:0.0003s ]
SQL: SELECT * FROM `images`  [ RunTime:0.0001s ]
SQL: SHOW COLUMNS FROM `company` [ RunTime:0.0003s ]
SQL: SELECT * FROM `company` LIMIT 1   [ RunTime:0.0001s ]
INFO: [ view_parse ] --START--
NOTIC: [2] file_get_contents(./Application/Home/View/Common/footer.html): failed to open stream: No such file or directory /www/web/cs/public_html/weidu3/ThinkPHP/Library/Think/Template.class.php 第 696 行.
INFO: [ template_filter ] --START--
INFO: Run Behavior\ContentReplaceBehavior [ RunTime:0.000079s ]
INFO: [ template_filter ] --END-- [ RunTime:0.000115s ]
NOTIC: [8] Undefined variable: parent_id /www/web/cs/public_html/weidu3/Application/Runtime/Cache/Home/63839bc489ada1b251c78e0251f28b7d.php 第 161 行.
INFO: Run Behavior\ParseTemplateBehavior [ RunTime:0.007371s ]
INFO: [ view_parse ] --END-- [ RunTime:0.007403s ]
INFO: [ view_filter ] --START--
INFO: Run Behavior\WriteHtmlCacheBehavior [ RunTime:0.000190s ]
INFO: [ view_filter ] --END-- [ RunTime:0.000229s ]
INFO: [ app_end ] --START--
INFO: Run Behavior\ShowPageTraceBehavior [ RunTime:0.000414s ]
INFO: [ app_end ] --END-- [ RunTime:0.000451s ]

[ 2018-09-14T14:15:53+08:00 ] 113.206.56.243 /weidu3/Public/home/images/banner_1.png
INFO: [ app_init ] --START--
INFO: Run Behavior\BuildLiteBehavior [ RunTime:0.000011s ]
INFO: [ app_init ] --END-- [ RunTime:0.003305s ]

[ 2018-09-14T14:15:53+08:00 ] 113.206.56.243 /weidu3/Public/home/images/bg.jpg
INFO: [ app_init ] --START--
INFO: Run Behavior\BuildLiteBehavior [ RunTime:0.000012s ]
INFO: [ app_init ] --END-- [ RunTime:0.000299s ]

[ 2018-09-14T14:15:58+08:00 ] 113.206.56.243 /weidu3/index.php/Goods/weixin_login
INFO: [ app_init ] --START--
INFO: Run Behavior\BuildLiteBehavior [ RunTime:0.000011s ]
INFO: [ app_init ] --END-- [ RunTime:0.000297s ]
INFO: [ app_begin ] --START--
INFO: Run Behavior\ReadHtmlCacheBehavior [ RunTime:0.000412s ]
INFO: [ app_begin ] --END-- [ RunTime:0.000451s ]
SQL: SHOW COLUMNS FROM `company` [ RunTime:0.0004s ]
SQL: SELECT * FROM `company` LIMIT 1   [ RunTime:0.0001s ]
INFO: [ view_parse ] --START--
INFO: [ template_filter ] --START--
INFO: Run Behavior\ContentReplaceBehavior [ RunTime:0.000044s ]
INFO: [ template_filter ] --END-- [ RunTime:0.000078s ]
NOTIC: [8] Undefined variable: company /www/web/cs/public_html/weidu3/Application/Runtime/Cache/Home/2e8a3ac8b509d5b2a8f927c4d624db03.php 第 4 行.
NOTIC: [8] Undefined variable: company /www/web/cs/public_html/weidu3/Application/Runtime/Cache/Home/2e8a3ac8b509d5b2a8f927c4d624db03.php 第 7 行.
NOTIC: [8] Undefined variable: company /www/web/cs/public_html/weidu3/Application/Runtime/Cache/Home/2e8a3ac8b509d5b2a8f927c4d624db03.php 第 50 行.
NOTIC: [8] Undefined variable: member /www/web/cs/public_html/weidu3/Application/Runtime/Cache/Home/2e8a3ac8b509d5b2a8f927c4d624db03.php 第 58 行.
INFO: Run Behavior\ParseTemplateBehavior [ RunTime:0.004516s ]
INFO: [ view_parse ] --END-- [ RunTime:0.004549s ]
INFO: [ view_filter ] --START--
INFO: Run Behavior\WriteHtmlCacheBehavior [ RunTime:0.000187s ]
INFO: [ view_filter ] --END-- [ RunTime:0.000215s ]
INFO: [ app_end ] --START--
INFO: Run Behavior\ShowPageTraceBehavior [ RunTime:0.000417s ]
INFO: [ app_end ] --END-- [ RunTime:0.000450s ]

[ 2018-09-14T14:16:49+08:00 ] 101.227.139.178 /weidu3/index.php/Goods/index.html
INFO: [ app_init ] --START--
INFO: Run Behavior\BuildLiteBehavior [ RunTime:0.000011s ]
INFO: [ app_init ] --END-- [ RunTime:0.000311s ]
INFO: [ app_begin ] --START--
INFO: Run Behavior\ReadHtmlCacheBehavior [ RunTime:0.000421s ]
INFO: [ app_begin ] --END-- [ RunTime:0.000459s ]
SQL: SHOW COLUMNS FROM `goods` [ RunTime:0.0004s ]
SQL: SELECT * FROM `goods` LIMIT 1   [ RunTime:0.0001s ]
SQL: SHOW COLUMNS FROM `images` [ RunTime:0.0003s ]
SQL: SELECT * FROM `images`  [ RunTime:0.0001s ]
SQL: SHOW COLUMNS FROM `company` [ RunTime:0.0003s ]
SQL: SELECT * FROM `company` LIMIT 1   [ RunTime:0.0001s ]
INFO: [ view_parse ] --START--
NOTIC: [2] file_get_contents(./Application/Home/View/Common/footer.html): failed to open stream: No such file or directory /www/web/cs/public_html/weidu3/ThinkPHP/Library/Think/Template.class.php 第 696 行.
INFO: [ template_filter ] --START--
INFO: Run Behavior\ContentReplaceBehavior [ RunTime:0.000084s ]
INFO: [ template_filter ] --END-- [ RunTime:0.000121s ]
NOTIC: [8] Undefined variable: parent_id /www/web/cs/public_html/weidu3/Application/Runtime/Cache/Home/63839bc489ada1b251c78e0251f28b7d.php 第 161 行.
INFO: Run Behavior\ParseTemplateBehavior [ RunTime:0.014036s ]
INFO: [ view_parse ] --END-- [ RunTime:0.014069s ]
INFO: [ view_filter ] --START--
INFO: Run Behavior\WriteHtmlCacheBehavior [ RunTime:0.000200s ]
INFO: [ view_filter ] --END-- [ RunTime:0.000230s ]
INFO: [ app_end ] --START--
INFO: Run Behavior\ShowPageTraceBehavior [ RunTime:0.002797s ]
INFO: [ app_end ] --END-- [ RunTime:0.002835s ]

